0 info it worked if it ends with ok
1 verbose cli [ 'C:\\Program Files\\nodejs\\node.exe',
1 verbose cli   'C:\\Program Files\\nodejs\\node_modules\\npm\\bin\\npm-cli.js',
1 verbose cli   'i',
1 verbose cli   'libpq' ]
2 info using npm@3.10.3
3 info using node@v6.3.0
4 silly loadCurrentTree Starting
5 silly install loadCurrentTree
6 silly install readLocalPackageData
7 silly fetchPackageMetaData libpq
8 silly fetchNamedPackageData libpq
9 silly mapToRegistry name libpq
10 silly mapToRegistry using default registry
11 silly mapToRegistry registry https://registry.npmjs.org/
12 silly mapToRegistry data Result {
12 silly mapToRegistry   raw: 'libpq',
12 silly mapToRegistry   scope: null,
12 silly mapToRegistry   escapedName: 'libpq',
12 silly mapToRegistry   name: 'libpq',
12 silly mapToRegistry   rawSpec: '',
12 silly mapToRegistry   spec: 'latest',
12 silly mapToRegistry   type: 'tag' }
13 silly mapToRegistry uri https://registry.npmjs.org/libpq
14 verbose request uri https://registry.npmjs.org/libpq
15 verbose request no auth needed
16 info attempt registry request try #1 at 23:56:06
17 verbose request id 32c630b311a9c85a
18 verbose etag "G9CA4WL1M5T56F7FF4U2H69F"
19 http request GET https://registry.npmjs.org/libpq
20 http 304 https://registry.npmjs.org/libpq
21 verbose headers { date: 'Wed, 27 Jul 2016 16:56:03 GMT',
21 verbose headers   via: '1.1 varnish',
21 verbose headers   'cache-control': 'max-age=300',
21 verbose headers   etag: '"G9CA4WL1M5T56F7FF4U2H69F"',
21 verbose headers   age: '53',
21 verbose headers   connection: 'keep-alive',
21 verbose headers   'x-served-by': 'cache-bma7029-BMA',
21 verbose headers   'x-cache': 'HIT',
21 verbose headers   'x-cache-hits': '1',
21 verbose headers   'x-timer': 'S1469638563.725595,VS0,VE0',
21 verbose headers   vary: 'Accept-Encoding' }
22 silly get cb [ 304,
22 silly get   { date: 'Wed, 27 Jul 2016 16:56:03 GMT',
22 silly get     via: '1.1 varnish',
22 silly get     'cache-control': 'max-age=300',
22 silly get     etag: '"G9CA4WL1M5T56F7FF4U2H69F"',
22 silly get     age: '53',
22 silly get     connection: 'keep-alive',
22 silly get     'x-served-by': 'cache-bma7029-BMA',
22 silly get     'x-cache': 'HIT',
22 silly get     'x-cache-hits': '1',
22 silly get     'x-timer': 'S1469638563.725595,VS0,VE0',
22 silly get     vary: 'Accept-Encoding' } ]
23 verbose etag https://registry.npmjs.org/libpq from cache
24 verbose get saving libpq to C:\Users\Than\AppData\Roaming\npm-cache\registry.npmjs.org\libpq\.cache.json
25 verbose correctMkdir C:\Users\Than\AppData\Roaming\npm-cache correctMkdir not in flight; initializing
26 silly install normalizeTree
27 silly loadCurrentTree Finishing
28 silly loadIdealTree Starting
29 silly install loadIdealTree
30 silly cloneCurrentTree Starting
31 silly install cloneCurrentTreeToIdealTree
32 silly cloneCurrentTree Finishing
33 silly loadShrinkwrap Starting
34 silly install loadShrinkwrap
35 silly loadShrinkwrap Finishing
36 silly loadAllDepsIntoIdealTree Starting
37 silly install loadAllDepsIntoIdealTree
38 silly resolveWithNewModule libpq@1.8.4 checking installable status
39 silly cache add args [ 'libpq', null ]
40 verbose cache add spec libpq
41 silly cache add parsed spec Result {
41 silly cache add   raw: 'libpq',
41 silly cache add   scope: null,
41 silly cache add   escapedName: 'libpq',
41 silly cache add   name: 'libpq',
41 silly cache add   rawSpec: '',
41 silly cache add   spec: 'latest',
41 silly cache add   type: 'tag' }
42 silly addNamed libpq@latest
43 verbose addNamed "latest" is being treated as a dist-tag for libpq
44 info addNameTag [ 'libpq', 'latest' ]
45 silly mapToRegistry name libpq
46 silly mapToRegistry using default registry
47 silly mapToRegistry registry https://registry.npmjs.org/
48 silly mapToRegistry data Result {
48 silly mapToRegistry   raw: 'libpq',
48 silly mapToRegistry   scope: null,
48 silly mapToRegistry   escapedName: 'libpq',
48 silly mapToRegistry   name: 'libpq',
48 silly mapToRegistry   rawSpec: '',
48 silly mapToRegistry   spec: 'latest',
48 silly mapToRegistry   type: 'tag' }
49 silly mapToRegistry uri https://registry.npmjs.org/libpq
50 verbose addNameTag registry:https://registry.npmjs.org/libpq not in flight; fetching
51 verbose get https://registry.npmjs.org/libpq not expired, no request
52 silly addNameTag next cb for libpq with tag latest
53 silly addNamed libpq@1.8.4
54 verbose addNamed "1.8.4" is a plain semver version for libpq
55 silly cache afterAdd libpq@1.8.4
56 verbose afterAdd C:\Users\Than\AppData\Roaming\npm-cache\libpq\1.8.4\package\package.json not in flight; writing
57 verbose correctMkdir C:\Users\Than\AppData\Roaming\npm-cache correctMkdir not in flight; initializing
58 verbose afterAdd C:\Users\Than\AppData\Roaming\npm-cache\libpq\1.8.4\package\package.json written
59 silly fetchNamedPackageData nan
60 silly mapToRegistry name nan
61 silly mapToRegistry using default registry
62 silly mapToRegistry registry https://registry.npmjs.org/
63 silly mapToRegistry data Result {
63 silly mapToRegistry   raw: 'nan',
63 silly mapToRegistry   scope: null,
63 silly mapToRegistry   escapedName: 'nan',
63 silly mapToRegistry   name: 'nan',
63 silly mapToRegistry   rawSpec: '',
63 silly mapToRegistry   spec: 'latest',
63 silly mapToRegistry   type: 'tag' }
64 silly mapToRegistry uri https://registry.npmjs.org/nan
65 silly fetchNamedPackageData bindings
66 silly mapToRegistry name bindings
67 silly mapToRegistry using default registry
68 silly mapToRegistry registry https://registry.npmjs.org/
69 silly mapToRegistry data Result {
69 silly mapToRegistry   raw: 'bindings',
69 silly mapToRegistry   scope: null,
69 silly mapToRegistry   escapedName: 'bindings',
69 silly mapToRegistry   name: 'bindings',
69 silly mapToRegistry   rawSpec: '',
69 silly mapToRegistry   spec: 'latest',
69 silly mapToRegistry   type: 'tag' }
70 silly mapToRegistry uri https://registry.npmjs.org/bindings
71 verbose request uri https://registry.npmjs.org/bindings
72 verbose request no auth needed
73 info attempt registry request try #1 at 23:56:07
74 verbose etag "33TX4J3DNTGF7K41ZUV6OA182"
75 http request GET https://registry.npmjs.org/bindings
76 verbose request uri https://registry.npmjs.org/nan
77 verbose request no auth needed
78 info attempt registry request try #1 at 23:56:07
79 verbose etag "EGTR1APXEV7TH8V3QYT0WN357"
80 http request GET https://registry.npmjs.org/nan
81 http 304 https://registry.npmjs.org/bindings
82 verbose headers { date: 'Wed, 27 Jul 2016 16:56:04 GMT',
82 verbose headers   via: '1.1 varnish',
82 verbose headers   'cache-control': 'max-age=300',
82 verbose headers   etag: '"33TX4J3DNTGF7K41ZUV6OA182"',
82 verbose headers   age: '114',
82 verbose headers   connection: 'keep-alive',
82 verbose headers   'x-served-by': 'cache-bma7029-BMA',
82 verbose headers   'x-cache': 'HIT',
82 verbose headers   'x-cache-hits': '1',
82 verbose headers   'x-timer': 'S1469638564.191608,VS0,VE0',
82 verbose headers   vary: 'Accept-Encoding' }
83 silly get cb [ 304,
83 silly get   { date: 'Wed, 27 Jul 2016 16:56:04 GMT',
83 silly get     via: '1.1 varnish',
83 silly get     'cache-control': 'max-age=300',
83 silly get     etag: '"33TX4J3DNTGF7K41ZUV6OA182"',
83 silly get     age: '114',
83 silly get     connection: 'keep-alive',
83 silly get     'x-served-by': 'cache-bma7029-BMA',
83 silly get     'x-cache': 'HIT',
83 silly get     'x-cache-hits': '1',
83 silly get     'x-timer': 'S1469638564.191608,VS0,VE0',
83 silly get     vary: 'Accept-Encoding' } ]
84 verbose etag https://registry.npmjs.org/bindings from cache
85 verbose get saving bindings to C:\Users\Than\AppData\Roaming\npm-cache\registry.npmjs.org\bindings\.cache.json
86 verbose correctMkdir C:\Users\Than\AppData\Roaming\npm-cache correctMkdir not in flight; initializing
87 silly resolveWithNewModule bindings@1.2.1 checking installable status
88 silly cache add args [ 'bindings@1.2.1', null ]
89 verbose cache add spec bindings@1.2.1
90 silly cache add parsed spec Result {
90 silly cache add   raw: 'bindings@1.2.1',
90 silly cache add   scope: null,
90 silly cache add   escapedName: 'bindings',
90 silly cache add   name: 'bindings',
90 silly cache add   rawSpec: '1.2.1',
90 silly cache add   spec: '1.2.1',
90 silly cache add   type: 'version' }
91 silly addNamed bindings@1.2.1
92 verbose addNamed "1.2.1" is a plain semver version for bindings
93 silly mapToRegistry name bindings
94 silly mapToRegistry using default registry
95 silly mapToRegistry registry https://registry.npmjs.org/
96 silly mapToRegistry data Result {
96 silly mapToRegistry   raw: 'bindings',
96 silly mapToRegistry   scope: null,
96 silly mapToRegistry   escapedName: 'bindings',
96 silly mapToRegistry   name: 'bindings',
96 silly mapToRegistry   rawSpec: '',
96 silly mapToRegistry   spec: 'latest',
96 silly mapToRegistry   type: 'tag' }
97 silly mapToRegistry uri https://registry.npmjs.org/bindings
98 verbose addNameVersion registry:https://registry.npmjs.org/bindings not in flight; fetching
99 verbose get https://registry.npmjs.org/bindings not expired, no request
100 silly cache afterAdd bindings@1.2.1
101 verbose afterAdd C:\Users\Than\AppData\Roaming\npm-cache\bindings\1.2.1\package\package.json not in flight; writing
102 verbose correctMkdir C:\Users\Than\AppData\Roaming\npm-cache correctMkdir not in flight; initializing
103 verbose afterAdd C:\Users\Than\AppData\Roaming\npm-cache\bindings\1.2.1\package\package.json written
104 http 304 https://registry.npmjs.org/nan
105 verbose headers { date: 'Wed, 27 Jul 2016 16:56:04 GMT',
105 verbose headers   via: '1.1 varnish',
105 verbose headers   'cache-control': 'max-age=300',
105 verbose headers   etag: '"EGTR1APXEV7TH8V3QYT0WN357"',
105 verbose headers   age: '241',
105 verbose headers   connection: 'keep-alive',
105 verbose headers   'x-served-by': 'cache-bma7033-BMA',
105 verbose headers   'x-cache': 'HIT',
105 verbose headers   'x-cache-hits': '3',
105 verbose headers   'x-timer': 'S1469638564.307449,VS0,VE0',
105 verbose headers   vary: 'Accept-Encoding' }
106 silly get cb [ 304,
106 silly get   { date: 'Wed, 27 Jul 2016 16:56:04 GMT',
106 silly get     via: '1.1 varnish',
106 silly get     'cache-control': 'max-age=300',
106 silly get     etag: '"EGTR1APXEV7TH8V3QYT0WN357"',
106 silly get     age: '241',
106 silly get     connection: 'keep-alive',
106 silly get     'x-served-by': 'cache-bma7033-BMA',
106 silly get     'x-cache': 'HIT',
106 silly get     'x-cache-hits': '3',
106 silly get     'x-timer': 'S1469638564.307449,VS0,VE0',
106 silly get     vary: 'Accept-Encoding' } ]
107 verbose etag https://registry.npmjs.org/nan from cache
108 verbose get saving nan to C:\Users\Than\AppData\Roaming\npm-cache\registry.npmjs.org\nan\.cache.json
109 verbose correctMkdir C:\Users\Than\AppData\Roaming\npm-cache correctMkdir not in flight; initializing
110 silly resolveWithNewModule nan@2.4.0 checking installable status
111 silly cache add args [ 'nan@^2.3.0', null ]
112 verbose cache add spec nan@^2.3.0
113 silly cache add parsed spec Result {
113 silly cache add   raw: 'nan@^2.3.0',
113 silly cache add   scope: null,
113 silly cache add   escapedName: 'nan',
113 silly cache add   name: 'nan',
113 silly cache add   rawSpec: '^2.3.0',
113 silly cache add   spec: '>=2.3.0 <3.0.0',
113 silly cache add   type: 'range' }
114 silly addNamed nan@>=2.3.0 <3.0.0
115 verbose addNamed ">=2.3.0 <3.0.0" is a valid semver range for nan
116 silly addNameRange { name: 'nan', range: '>=2.3.0 <3.0.0', hasData: false }
117 silly mapToRegistry name nan
118 silly mapToRegistry using default registry
119 silly mapToRegistry registry https://registry.npmjs.org/
120 silly mapToRegistry data Result {
120 silly mapToRegistry   raw: 'nan',
120 silly mapToRegistry   scope: null,
120 silly mapToRegistry   escapedName: 'nan',
120 silly mapToRegistry   name: 'nan',
120 silly mapToRegistry   rawSpec: '',
120 silly mapToRegistry   spec: 'latest',
120 silly mapToRegistry   type: 'tag' }
121 silly mapToRegistry uri https://registry.npmjs.org/nan
122 verbose addNameRange registry:https://registry.npmjs.org/nan not in flight; fetching
123 verbose get https://registry.npmjs.org/nan not expired, no request
124 silly addNameRange number 2 { name: 'nan', range: '>=2.3.0 <3.0.0', hasData: true }
125 silly addNameRange versions [ 'nan',
125 silly addNameRange   [ '0.3.0-wip',
125 silly addNameRange     '0.3.0-wip2',
125 silly addNameRange     '0.3.0',
125 silly addNameRange     '0.3.1',
125 silly addNameRange     '0.3.2',
125 silly addNameRange     '0.4.0',
125 silly addNameRange     '0.4.1',
125 silly addNameRange     '0.4.2',
125 silly addNameRange     '0.4.3',
125 silly addNameRange     '0.4.4',
125 silly addNameRange     '0.5.0',
125 silly addNameRange     '0.5.1',
125 silly addNameRange     '0.5.2',
125 silly addNameRange     '0.6.0',
125 silly addNameRange     '0.7.0',
125 silly addNameRange     '0.7.1',
125 silly addNameRange     '0.8.0',
125 silly addNameRange     '1.0.0',
125 silly addNameRange     '1.1.0',
125 silly addNameRange     '1.1.1',
125 silly addNameRange     '1.1.2',
125 silly addNameRange     '1.2.0',
125 silly addNameRange     '1.3.0',
125 silly addNameRange     '1.4.0',
125 silly addNameRange     '1.4.1',
125 silly addNameRange     '1.5.0',
125 silly addNameRange     '1.4.2',
125 silly addNameRange     '1.4.3',
125 silly addNameRange     '1.5.1',
125 silly addNameRange     '1.5.2',
125 silly addNameRange     '1.6.0',
125 silly addNameRange     '1.5.3',
125 silly addNameRange     '1.6.1',
125 silly addNameRange     '1.6.2',
125 silly addNameRange     '1.7.0',
125 silly addNameRange     '1.8.0',
125 silly addNameRange     '1.8.1',
125 silly addNameRange     '1.8.2',
125 silly addNameRange     '1.8.3',
125 silly addNameRange     '1.8.4',
125 silly addNameRange     '1.9.0',
125 silly addNameRange     '2.0.0',
125 silly addNameRange     '2.0.1',
125 silly addNameRange     '2.0.2',
125 silly addNameRange     '2.0.3',
125 silly addNameRange     '2.0.4',
125 silly addNameRange     '2.0.5',
125 silly addNameRange     '2.0.6',
125 silly addNameRange     '2.0.7',
125 silly addNameRange     '2.0.8',
125 silly addNameRange     '2.0.9',
125 silly addNameRange     '2.1.0',
125 silly addNameRange     '2.2.0',
125 silly addNameRange     '2.2.1',
125 silly addNameRange     '2.3.0',
125 silly addNameRange     '2.3.1',
125 silly addNameRange     '2.3.2',
125 silly addNameRange     '2.3.3',
125 silly addNameRange     '2.3.4',
125 silly addNameRange     '2.3.5',
125 silly addNameRange     '2.4.0' ] ]
126 silly addNamed nan@2.4.0
127 verbose addNamed "2.4.0" is a plain semver version for nan
128 silly cache afterAdd nan@2.4.0
129 verbose afterAdd C:\Users\Than\AppData\Roaming\npm-cache\nan\2.4.0\package\package.json not in flight; writing
130 verbose correctMkdir C:\Users\Than\AppData\Roaming\npm-cache correctMkdir not in flight; initializing
131 verbose afterAdd C:\Users\Than\AppData\Roaming\npm-cache\nan\2.4.0\package\package.json written
132 silly fetchNamedPackageData fsevents
133 silly mapToRegistry name fsevents
134 silly mapToRegistry using default registry
135 silly mapToRegistry registry https://registry.npmjs.org/
136 silly mapToRegistry data Result {
136 silly mapToRegistry   raw: 'fsevents',
136 silly mapToRegistry   scope: null,
136 silly mapToRegistry   escapedName: 'fsevents',
136 silly mapToRegistry   name: 'fsevents',
136 silly mapToRegistry   rawSpec: '',
136 silly mapToRegistry   spec: 'latest',
136 silly mapToRegistry   type: 'tag' }
137 silly mapToRegistry uri https://registry.npmjs.org/fsevents
138 verbose request uri https://registry.npmjs.org/fsevents
139 verbose request no auth needed
140 info attempt registry request try #1 at 23:56:07
141 verbose etag "1IUUBBNAFSLRNOMEHDGNJ1LTJ"
142 http request GET https://registry.npmjs.org/fsevents
143 http 304 https://registry.npmjs.org/fsevents
144 verbose headers { date: 'Wed, 27 Jul 2016 16:56:04 GMT',
144 verbose headers   via: '1.1 varnish',
144 verbose headers   'cache-control': 'max-age=300',
144 verbose headers   etag: '"1IUUBBNAFSLRNOMEHDGNJ1LTJ"',
144 verbose headers   age: '223',
144 verbose headers   connection: 'keep-alive',
144 verbose headers   'x-served-by': 'cache-bma7029-BMA',
144 verbose headers   'x-cache': 'HIT',
144 verbose headers   'x-cache-hits': '4',
144 verbose headers   'x-timer': 'S1469638564.566155,VS0,VE0',
144 verbose headers   vary: 'Accept-Encoding' }
145 silly get cb [ 304,
145 silly get   { date: 'Wed, 27 Jul 2016 16:56:04 GMT',
145 silly get     via: '1.1 varnish',
145 silly get     'cache-control': 'max-age=300',
145 silly get     etag: '"1IUUBBNAFSLRNOMEHDGNJ1LTJ"',
145 silly get     age: '223',
145 silly get     connection: 'keep-alive',
145 silly get     'x-served-by': 'cache-bma7029-BMA',
145 silly get     'x-cache': 'HIT',
145 silly get     'x-cache-hits': '4',
145 silly get     'x-timer': 'S1469638564.566155,VS0,VE0',
145 silly get     vary: 'Accept-Encoding' } ]
146 verbose etag https://registry.npmjs.org/fsevents from cache
147 verbose get saving fsevents to C:\Users\Than\AppData\Roaming\npm-cache\registry.npmjs.org\fsevents\.cache.json
148 verbose correctMkdir C:\Users\Than\AppData\Roaming\npm-cache correctMkdir not in flight; initializing
149 silly resolveWithNewModule fsevents@1.0.14 checking installable status
150 silly loadAllDepsIntoIdealTree Finishing
151 silly loadIdealTree Finishing
152 silly currentTree client@
152 silly currentTree +-- amdefine@1.0.0
152 silly currentTree +-- ansi-regex@2.0.0
152 silly currentTree +-- ansi-styles@2.2.1
152 silly currentTree +-- anymatch@1.3.0
152 silly currentTree +-- ap@0.2.0
152 silly currentTree +-- arr-diff@2.0.0
152 silly currentTree +-- arr-flatten@1.0.1
152 silly currentTree +-- array-find-index@1.0.1
152 silly currentTree +-- array-uniq@1.0.3
152 silly currentTree +-- array-unique@0.2.1
152 silly currentTree +-- arrify@1.0.1
152 silly currentTree +-- asn1@0.2.3
152 silly currentTree +-- assert-plus@0.2.0
152 silly currentTree +-- async-each@1.0.0
152 silly currentTree +-- async@1.5.2
152 silly currentTree +-- aws-sign2@0.6.0
152 silly currentTree +-- aws4@1.4.1
152 silly currentTree +-- babel-cli@6.11.4
152 silly currentTree | `-- chalk@1.1.1
152 silly currentTree +-- babel-code-frame@6.11.0
152 silly currentTree +-- babel-core@6.11.4
152 silly currentTree +-- babel-generator@6.11.4
152 silly currentTree +-- babel-helper-call-delegate@6.8.0
152 silly currentTree +-- babel-helper-define-map@6.9.0
152 silly currentTree +-- babel-helper-function-name@6.8.0
152 silly currentTree +-- babel-helper-get-function-arity@6.8.0
152 silly currentTree +-- babel-helper-hoist-variables@6.8.0
152 silly currentTree +-- babel-helper-optimise-call-expression@6.8.0
152 silly currentTree +-- babel-helper-regex@6.9.0
152 silly currentTree +-- babel-helper-replace-supers@6.8.0
152 silly currentTree +-- babel-helpers@6.8.0
152 silly currentTree +-- babel-messages@6.8.0
152 silly currentTree +-- babel-plugin-check-es2015-constants@6.8.0
152 silly currentTree +-- babel-plugin-syntax-async-functions@6.8.0
152 silly currentTree +-- babel-plugin-transform-es2015-arrow-functions@6.8.0
152 silly currentTree +-- babel-plugin-transform-es2015-block-scoped-functions@6.8.0
152 silly currentTree +-- babel-plugin-transform-es2015-block-scoping@6.10.1
152 silly currentTree +-- babel-plugin-transform-es2015-classes@6.9.0
152 silly currentTree +-- babel-plugin-transform-es2015-computed-properties@6.8.0
152 silly currentTree +-- babel-plugin-transform-es2015-destructuring@6.9.0
152 silly currentTree +-- babel-plugin-transform-es2015-duplicate-keys@6.8.0
152 silly currentTree +-- babel-plugin-transform-es2015-for-of@6.8.0
152 silly currentTree +-- babel-plugin-transform-es2015-function-name@6.9.0
152 silly currentTree +-- babel-plugin-transform-es2015-literals@6.8.0
152 silly currentTree +-- babel-plugin-transform-es2015-modules-commonjs@6.11.5
152 silly currentTree +-- babel-plugin-transform-es2015-object-super@6.8.0
152 silly currentTree +-- babel-plugin-transform-es2015-parameters@6.11.4
152 silly currentTree +-- babel-plugin-transform-es2015-shorthand-properties@6.8.0
152 silly currentTree +-- babel-plugin-transform-es2015-spread@6.8.0
152 silly currentTree +-- babel-plugin-transform-es2015-sticky-regex@6.8.0
152 silly currentTree +-- babel-plugin-transform-es2015-template-literals@6.8.0
152 silly currentTree +-- babel-plugin-transform-es2015-typeof-symbol@6.8.0
152 silly currentTree +-- babel-plugin-transform-es2015-unicode-regex@6.11.0
152 silly currentTree +-- babel-plugin-transform-regenerator@6.11.4
152 silly currentTree +-- babel-plugin-transform-strict-mode@6.11.3
152 silly currentTree +-- babel-polyfill@6.9.1
152 silly currentTree +-- babel-preset-es2015@6.9.0
152 silly currentTree +-- babel-register@6.11.5
152 silly currentTree +-- babel-runtime@6.9.2
152 silly currentTree +-- babel-template@6.9.0
152 silly currentTree +-- babel-traverse@6.11.4
152 silly currentTree +-- babel-types@6.11.1
152 silly currentTree +-- babylon@6.8.4
152 silly currentTree +-- balanced-match@0.4.1
152 silly currentTree +-- bin-version-check@2.1.0
152 silly currentTree +-- bin-version@1.0.4
152 silly currentTree +-- binary-extensions@1.5.0
152 silly currentTree +-- bl@1.1.2
152 silly currentTree | +-- isarray@1.0.0
152 silly currentTree | `-- readable-stream@2.0.6
152 silly currentTree +-- bluebird@3.4.1
152 silly currentTree +-- boom@2.10.1
152 silly currentTree +-- brace-expansion@1.1.5
152 silly currentTree +-- braces@1.8.5
152 silly currentTree +-- buffer-shims@1.0.0
152 silly currentTree +-- buffer-writer@1.0.1
152 silly currentTree +-- builtin-modules@1.1.1
152 silly currentTree +-- camelcase-keys@2.1.0
152 silly currentTree +-- camelcase@2.1.1
152 silly currentTree +-- caseless@0.11.0
152 silly currentTree +-- chalk@1.1.3
152 silly currentTree +-- chokidar@1.6.0
152 silly currentTree +-- combined-stream@1.0.5
152 silly currentTree +-- commander@2.9.0
152 silly currentTree +-- concat-map@0.0.1
152 silly currentTree +-- convert-source-map@1.3.0
152 silly currentTree +-- core-js@2.4.1
152 silly currentTree +-- core-util-is@1.0.2
152 silly currentTree +-- cryptiles@2.0.5
152 silly currentTree +-- currently-unhandled@0.4.1
152 silly currentTree +-- dashdash@1.14.0
152 silly currentTree | `-- assert-plus@1.0.0
152 silly currentTree +-- debug@2.2.0
152 silly currentTree +-- decamelize@1.2.0
152 silly currentTree +-- delayed-stream@1.0.0
152 silly currentTree +-- detect-indent@3.0.1
152 silly currentTree +-- double-ended-queue@2.1.0-0
152 silly currentTree +-- ecc-jsbn@0.1.1
152 silly currentTree +-- error-ex@1.3.0
152 silly currentTree +-- escape-string-regexp@1.0.5
152 silly currentTree +-- esutils@2.0.2
152 silly currentTree +-- expand-brackets@0.1.5
152 silly currentTree +-- expand-range@1.8.2
152 silly currentTree +-- extend@3.0.0
152 silly currentTree +-- extglob@0.3.2
152 silly currentTree +-- extsprintf@1.0.2
152 silly currentTree +-- filename-regex@2.0.0
152 silly currentTree +-- fill-range@2.2.3
152 silly currentTree +-- find-up@1.1.2
152 silly currentTree | `-- path-exists@2.1.0
152 silly currentTree +-- find-versions@1.2.1
152 silly currentTree +-- findup-sync@0.3.0
152 silly currentTree +-- flagged-respawn@0.3.2
152 silly currentTree +-- for-in@0.1.5
152 silly currentTree +-- for-own@0.1.4
152 silly currentTree +-- forever-agent@0.6.1
152 silly currentTree +-- form-data@1.0.0-rc4
152 silly currentTree +-- fs-readdir-recursive@0.1.2
152 silly currentTree +-- generate-function@2.0.0
152 silly currentTree +-- generate-object-property@1.2.0
152 silly currentTree +-- generic-pool@2.4.2
152 silly currentTree +-- get-stdin@4.0.1
152 silly currentTree +-- getpass@0.1.6
152 silly currentTree | `-- assert-plus@1.0.0
152 silly currentTree +-- glob-base@0.3.0
152 silly currentTree +-- glob-parent@2.0.0
152 silly currentTree +-- glob@5.0.15
152 silly currentTree +-- globals@8.18.0
152 silly currentTree +-- graceful-fs@4.1.4
152 silly currentTree +-- graceful-readlink@1.0.1
152 silly currentTree +-- har-validator@2.0.6
152 silly currentTree +-- has-ansi@2.0.0
152 silly currentTree +-- hashmap@2.0.6
152 silly currentTree +-- hawk@3.1.3
152 silly currentTree +-- hoek@2.16.3
152 silly currentTree +-- home-or-tmp@1.0.0
152 silly currentTree +-- hosted-git-info@2.1.5
152 silly currentTree +-- http-signature@1.1.1
152 silly currentTree +-- indent-string@2.1.0
152 silly currentTree | `-- repeating@2.0.1
152 silly currentTree +-- inflight@1.0.5
152 silly currentTree +-- inherits@2.0.1
152 silly currentTree +-- interpret@0.6.6
152 silly currentTree +-- invariant@2.2.1
152 silly currentTree +-- is-arrayish@0.2.1
152 silly currentTree +-- is-binary-path@1.0.1
152 silly currentTree +-- is-buffer@1.1.3
152 silly currentTree +-- is-builtin-module@1.0.0
152 silly currentTree +-- is-dotfile@1.0.2
152 silly currentTree +-- is-equal-shallow@0.1.3
152 silly currentTree +-- is-extendable@0.1.1
152 silly currentTree +-- is-extglob@1.0.0
152 silly currentTree +-- is-finite@1.0.1
152 silly currentTree +-- is-glob@2.0.1
152 silly currentTree +-- is-my-json-valid@2.13.1
152 silly currentTree +-- is-number@2.1.0
152 silly currentTree +-- is-posix-bracket@0.1.1
152 silly currentTree +-- is-primitive@2.0.0
152 silly currentTree +-- is-property@1.0.2
152 silly currentTree +-- is-typedarray@1.0.0
152 silly currentTree +-- is-utf8@0.2.1
152 silly currentTree +-- isarray@0.0.1
152 silly currentTree +-- isobject@2.1.0
152 silly currentTree | `-- isarray@1.0.0
152 silly currentTree +-- isstream@0.1.2
152 silly currentTree +-- jodid25519@1.0.2
152 silly currentTree +-- js-tokens@2.0.0
152 silly currentTree +-- jsbn@0.1.0
152 silly currentTree +-- jsesc@0.5.0
152 silly currentTree +-- json-schema@0.2.2
152 silly currentTree +-- json-stringify-safe@5.0.1
152 silly currentTree +-- json5@0.4.0
152 silly currentTree +-- jsonpointer@2.0.0
152 silly currentTree +-- jsprim@1.3.0
152 silly currentTree +-- kind-of@3.0.3
152 silly currentTree +-- knex@0.11.7
152 silly currentTree +-- liftoff@2.2.4
152 silly currentTree +-- load-json-file@1.1.0
152 silly currentTree +-- lodash@4.13.1
152 silly currentTree +-- log-symbols@1.0.2
152 silly currentTree +-- loose-envify@1.2.0
152 silly currentTree | `-- js-tokens@1.0.3
152 silly currentTree +-- loud-rejection@1.6.0
152 silly currentTree +-- manakin@0.4.6
152 silly currentTree +-- map-obj@1.0.1
152 silly currentTree +-- meow@3.7.0
152 silly currentTree +-- meteor-node-stubs@0.2.3
152 silly currentTree | +-- assert@1.3.0
152 silly currentTree | +-- browserify-zlib@0.1.4
152 silly currentTree | | `-- pako@0.2.8
152 silly currentTree | +-- buffer@4.5.1
152 silly currentTree | | +-- base64-js@1.1.2
152 silly currentTree | | +-- ieee754@1.1.6
152 silly currentTree | | `-- isarray@1.0.0
152 silly currentTree | +-- console-browserify@1.1.0
152 silly currentTree | | `-- date-now@0.1.4
152 silly currentTree | +-- constants-browserify@1.0.0
152 silly currentTree | +-- crypto-browserify@3.11.0
152 silly currentTree | | +-- browserify-cipher@1.0.0
152 silly currentTree | | | +-- browserify-aes@1.0.6
152 silly currentTree | | | | +-- buffer-xor@1.0.3
152 silly currentTree | | | | `-- cipher-base@1.0.2
152 silly currentTree | | | +-- browserify-des@1.0.0
152 silly currentTree | | | | +-- cipher-base@1.0.2
152 silly currentTree | | | | `-- des.js@1.0.0
152 silly currentTree | | | |   `-- minimalistic-assert@1.0.0
152 silly currentTree | | | `-- evp_bytestokey@1.0.0
152 silly currentTree | | +-- browserify-sign@4.0.0
152 silly currentTree | | | +-- bn.js@4.11.1
152 silly currentTree | | | +-- browserify-rsa@4.0.1
152 silly currentTree | | | +-- elliptic@6.2.3
152 silly currentTree | | | | +-- brorand@1.0.5
152 silly currentTree | | | | `-- hash.js@1.0.3
152 silly currentTree | | | `-- parse-asn1@5.0.0
152 silly currentTree | | |   +-- asn1.js@4.5.2
152 silly currentTree | | |   | `-- minimalistic-assert@1.0.0
152 silly currentTree | | |   +-- browserify-aes@1.0.6
152 silly currentTree | | |   | +-- buffer-xor@1.0.3
152 silly currentTree | | |   | `-- cipher-base@1.0.2
152 silly currentTree | | |   `-- evp_bytestokey@1.0.0
152 silly currentTree | | +-- create-ecdh@4.0.0
152 silly currentTree | | | +-- bn.js@4.11.1
152 silly currentTree | | | `-- elliptic@6.2.3
152 silly currentTree | | |   +-- brorand@1.0.5
152 silly currentTree | | |   `-- hash.js@1.0.3
152 silly currentTree | | +-- create-hash@1.1.2
152 silly currentTree | | | +-- cipher-base@1.0.2
152 silly currentTree | | | +-- ripemd160@1.0.1
152 silly currentTree | | | `-- sha.js@2.4.5
152 silly currentTree | | +-- create-hmac@1.1.4
152 silly currentTree | | +-- diffie-hellman@5.0.2
152 silly currentTree | | | +-- bn.js@4.11.1
152 silly currentTree | | | `-- miller-rabin@4.0.0
152 silly currentTree | | |   `-- brorand@1.0.5
152 silly currentTree | | +-- inherits@2.0.1
152 silly currentTree | | +-- pbkdf2@3.0.4
152 silly currentTree | | +-- public-encrypt@4.0.0
152 silly currentTree | | | +-- bn.js@4.11.1
152 silly currentTree | | | +-- browserify-rsa@4.0.1
152 silly currentTree | | | `-- parse-asn1@5.0.0
152 silly currentTree | | |   +-- asn1.js@4.5.2
152 silly currentTree | | |   | `-- minimalistic-assert@1.0.0
152 silly currentTree | | |   +-- browserify-aes@1.0.6
152 silly currentTree | | |   | +-- buffer-xor@1.0.3
152 silly currentTree | | |   | `-- cipher-base@1.0.2
152 silly currentTree | | |   `-- evp_bytestokey@1.0.0
152 silly currentTree | | `-- randombytes@2.0.3
152 silly currentTree | +-- domain-browser@1.1.7
152 silly currentTree | +-- events@1.1.0
152 silly currentTree | +-- http-browserify@1.7.0
152 silly currentTree | | +-- Base64@0.2.1
152 silly currentTree | | `-- inherits@2.0.1
152 silly currentTree | +-- https-browserify@0.0.1
152 silly currentTree | +-- os-browserify@0.2.1
152 silly currentTree | +-- path-browserify@0.0.0
152 silly currentTree | +-- process@0.11.2
152 silly currentTree | +-- punycode@1.4.1
152 silly currentTree | +-- querystring-es3@0.2.1
152 silly currentTree | +-- readable-stream@2.0.6
152 silly currentTree | | +-- core-util-is@1.0.2
152 silly currentTree | | +-- inherits@2.0.1
152 silly currentTree | | +-- isarray@1.0.0
152 silly currentTree | | +-- process-nextick-args@1.0.6
152 silly currentTree | | `-- util-deprecate@1.0.2
152 silly currentTree | +-- stream-browserify@2.0.1
152 silly currentTree | | `-- inherits@2.0.1
152 silly currentTree | +-- string_decoder@0.10.31
152 silly currentTree | +-- timers-browserify@1.4.2
152 silly currentTree | +-- tty-browserify@0.0.0
152 silly currentTree | +-- url@0.11.0
152 silly currentTree | | +-- punycode@1.3.2
152 silly currentTree | | `-- querystring@0.2.0
152 silly currentTree | +-- util@0.10.3
152 silly currentTree | | `-- inherits@2.0.1
152 silly currentTree | `-- vm-browserify@0.0.4
152 silly currentTree |   `-- indexof@0.0.1
152 silly currentTree +-- micromatch@2.3.11
152 silly currentTree +-- mime-db@1.23.0
152 silly currentTree +-- mime-types@2.1.11
152 silly currentTree +-- minimatch@3.0.2
152 silly currentTree +-- minimist@1.1.3
152 silly currentTree +-- mkdirp@0.5.1
152 silly currentTree | `-- minimist@0.0.8
152 silly currentTree +-- ms@0.7.1
152 silly currentTree +-- murmurhash-js@1.0.0
152 silly currentTree +-- node-uuid@1.4.7
152 silly currentTree +-- normalize-package-data@2.3.5
152 silly currentTree +-- normalize-path@2.0.1
152 silly currentTree +-- number-is-nan@1.0.0
152 silly currentTree +-- oauth-sign@0.8.2
152 silly currentTree +-- object-assign@4.1.0
152 silly currentTree +-- object.omit@2.0.0
152 silly currentTree +-- once@1.3.3
152 silly currentTree +-- os-tmpdir@1.0.1
152 silly currentTree +-- output-file-sync@1.1.2
152 silly currentTree +-- packet-reader@0.2.0
152 silly currentTree +-- parse-glob@3.0.4
152 silly currentTree +-- parse-json@2.2.0
152 silly currentTree +-- path-exists@1.0.0
152 silly currentTree +-- path-is-absolute@1.0.0
152 silly currentTree +-- path-type@1.1.0
152 silly currentTree +-- pg-connection-string@0.1.3
152 silly currentTree +-- pg-live-select@2.0.0-beta
152 silly currentTree | +-- lodash@3.10.1
152 silly currentTree | +-- pg@4.5.6
152 silly currentTree | +-- pgpass@0.0.3
152 silly currentTree | `-- split@0.3.3
152 silly currentTree +-- pg-minify@0.3.3
152 silly currentTree +-- pg-pool@1.3.1
152 silly currentTree +-- pg-promise@5.2.6
152 silly currentTree | `-- pg@5.1.0
152 silly currentTree +-- pg-types@1.11.0
152 silly currentTree +-- pg@6.0.2
152 silly currentTree +-- pgpass@0.0.6
152 silly currentTree +-- pify@2.3.0
152 silly currentTree +-- pinkie-promise@2.0.1
152 silly currentTree +-- pinkie@2.0.4
152 silly currentTree +-- pool2@1.3.4
152 silly currentTree +-- postgres-array@1.0.0
152 silly currentTree +-- postgres-bytea@1.0.0
152 silly currentTree +-- postgres-date@1.0.3
152 silly currentTree +-- postgres-interval@1.0.2
152 silly currentTree +-- preserve@0.2.0
152 silly currentTree +-- private@0.1.6
152 silly currentTree +-- process-nextick-args@1.0.7
152 silly currentTree +-- qs@6.2.1
152 silly currentTree +-- randomatic@1.1.5
152 silly currentTree +-- read-pkg-up@1.0.1
152 silly currentTree +-- read-pkg@1.1.0
152 silly currentTree +-- readable-stream@1.1.14
152 silly currentTree +-- readdirp@2.1.0
152 silly currentTree | +-- isarray@1.0.0
152 silly currentTree | `-- readable-stream@2.1.4
152 silly currentTree +-- rechoir@0.6.2
152 silly currentTree +-- redent@1.0.0
152 silly currentTree +-- regenerate@1.3.1
152 silly currentTree +-- regenerator-runtime@0.9.5
152 silly currentTree +-- regex-cache@0.4.3
152 silly currentTree +-- regexpu-core@2.0.0
152 silly currentTree +-- regjsgen@0.2.0
152 silly currentTree +-- regjsparser@0.1.5
152 silly currentTree +-- repeat-element@1.1.2
152 silly currentTree +-- repeat-string@1.5.4
152 silly currentTree +-- repeating@1.1.3
152 silly currentTree +-- request@2.74.0
152 silly currentTree +-- resolve@1.1.7
152 silly currentTree +-- semver-regex@1.0.0
152 silly currentTree +-- semver-truncate@1.1.0
152 silly currentTree | `-- semver@5.3.0
152 silly currentTree +-- semver@4.3.2
152 silly currentTree +-- set-immediate-shim@1.0.1
152 silly currentTree +-- shebang-regex@1.0.0
152 silly currentTree +-- signal-exit@3.0.0
152 silly currentTree +-- simple-backoff@1.0.0
152 silly currentTree +-- slash@1.0.0
152 silly currentTree +-- sntp@1.0.9
152 silly currentTree +-- source-map-support@0.2.10
152 silly currentTree | `-- source-map@0.1.32
152 silly currentTree +-- source-map@0.5.6
152 silly currentTree +-- spdx-correct@1.0.2
152 silly currentTree +-- spdx-exceptions@1.0.5
152 silly currentTree +-- spdx-expression-parse@1.0.2
152 silly currentTree +-- spdx-license-ids@1.2.2
152 silly currentTree +-- spex@1.0.17
152 silly currentTree +-- split@1.0.0
152 silly currentTree +-- sshpk@1.8.3
152 silly currentTree | `-- assert-plus@1.0.0
152 silly currentTree +-- string_decoder@0.10.31
152 silly currentTree +-- stringstream@0.0.5
152 silly currentTree +-- strip-ansi@3.0.1
152 silly currentTree +-- strip-bom@2.0.0
152 silly currentTree +-- strip-indent@1.0.1
152 silly currentTree +-- supports-color@2.0.0
152 silly currentTree +-- through@2.3.8
152 silly currentTree +-- tildify@1.0.0
152 silly currentTree +-- to-fast-properties@1.0.2
152 silly currentTree +-- tough-cookie@2.3.1
152 silly currentTree +-- trim-newlines@1.0.0
152 silly currentTree +-- tunnel-agent@0.4.3
152 silly currentTree +-- tweetnacl@0.13.3
152 silly currentTree +-- user-home@1.1.1
152 silly currentTree +-- util-deprecate@1.0.2
152 silly currentTree +-- v8flags@2.0.11
152 silly currentTree +-- validate-npm-package-license@3.0.1
152 silly currentTree +-- verror@1.3.6
152 silly currentTree +-- wrappy@1.0.2
152 silly currentTree `-- xtend@4.0.1
153 silly idealTree client@
153 silly idealTree +-- amdefine@1.0.0
153 silly idealTree +-- ansi-regex@2.0.0
153 silly idealTree +-- ansi-styles@2.2.1
153 silly idealTree +-- anymatch@1.3.0
153 silly idealTree +-- ap@0.2.0
153 silly idealTree +-- arr-diff@2.0.0
153 silly idealTree +-- arr-flatten@1.0.1
153 silly idealTree +-- array-find-index@1.0.1
153 silly idealTree +-- array-uniq@1.0.3
153 silly idealTree +-- array-unique@0.2.1
153 silly idealTree +-- arrify@1.0.1
153 silly idealTree +-- asn1@0.2.3
153 silly idealTree +-- assert-plus@0.2.0
153 silly idealTree +-- async-each@1.0.0
153 silly idealTree +-- async@1.5.2
153 silly idealTree +-- aws-sign2@0.6.0
153 silly idealTree +-- aws4@1.4.1
153 silly idealTree +-- babel-cli@6.11.4
153 silly idealTree | `-- chalk@1.1.1
153 silly idealTree +-- babel-code-frame@6.11.0
153 silly idealTree +-- babel-core@6.11.4
153 silly idealTree +-- babel-generator@6.11.4
153 silly idealTree +-- babel-helper-call-delegate@6.8.0
153 silly idealTree +-- babel-helper-define-map@6.9.0
153 silly idealTree +-- babel-helper-function-name@6.8.0
153 silly idealTree +-- babel-helper-get-function-arity@6.8.0
153 silly idealTree +-- babel-helper-hoist-variables@6.8.0
153 silly idealTree +-- babel-helper-optimise-call-expression@6.8.0
153 silly idealTree +-- babel-helper-regex@6.9.0
153 silly idealTree +-- babel-helper-replace-supers@6.8.0
153 silly idealTree +-- babel-helpers@6.8.0
153 silly idealTree +-- babel-messages@6.8.0
153 silly idealTree +-- babel-plugin-check-es2015-constants@6.8.0
153 silly idealTree +-- babel-plugin-syntax-async-functions@6.8.0
153 silly idealTree +-- babel-plugin-transform-es2015-arrow-functions@6.8.0
153 silly idealTree +-- babel-plugin-transform-es2015-block-scoped-functions@6.8.0
153 silly idealTree +-- babel-plugin-transform-es2015-block-scoping@6.10.1
153 silly idealTree +-- babel-plugin-transform-es2015-classes@6.9.0
153 silly idealTree +-- babel-plugin-transform-es2015-computed-properties@6.8.0
153 silly idealTree +-- babel-plugin-transform-es2015-destructuring@6.9.0
153 silly idealTree +-- babel-plugin-transform-es2015-duplicate-keys@6.8.0
153 silly idealTree +-- babel-plugin-transform-es2015-for-of@6.8.0
153 silly idealTree +-- babel-plugin-transform-es2015-function-name@6.9.0
153 silly idealTree +-- babel-plugin-transform-es2015-literals@6.8.0
153 silly idealTree +-- babel-plugin-transform-es2015-modules-commonjs@6.11.5
153 silly idealTree +-- babel-plugin-transform-es2015-object-super@6.8.0
153 silly idealTree +-- babel-plugin-transform-es2015-parameters@6.11.4
153 silly idealTree +-- babel-plugin-transform-es2015-shorthand-properties@6.8.0
153 silly idealTree +-- babel-plugin-transform-es2015-spread@6.8.0
153 silly idealTree +-- babel-plugin-transform-es2015-sticky-regex@6.8.0
153 silly idealTree +-- babel-plugin-transform-es2015-template-literals@6.8.0
153 silly idealTree +-- babel-plugin-transform-es2015-typeof-symbol@6.8.0
153 silly idealTree +-- babel-plugin-transform-es2015-unicode-regex@6.11.0
153 silly idealTree +-- babel-plugin-transform-regenerator@6.11.4
153 silly idealTree +-- babel-plugin-transform-strict-mode@6.11.3
153 silly idealTree +-- babel-polyfill@6.9.1
153 silly idealTree +-- babel-preset-es2015@6.9.0
153 silly idealTree +-- babel-register@6.11.5
153 silly idealTree +-- babel-runtime@6.9.2
153 silly idealTree +-- babel-template@6.9.0
153 silly idealTree +-- babel-traverse@6.11.4
153 silly idealTree +-- babel-types@6.11.1
153 silly idealTree +-- babylon@6.8.4
153 silly idealTree +-- balanced-match@0.4.1
153 silly idealTree +-- bin-version-check@2.1.0
153 silly idealTree +-- bin-version@1.0.4
153 silly idealTree +-- binary-extensions@1.5.0
153 silly idealTree +-- bindings@1.2.1
153 silly idealTree +-- bl@1.1.2
153 silly idealTree | +-- isarray@1.0.0
153 silly idealTree | `-- readable-stream@2.0.6
153 silly idealTree +-- bluebird@3.4.1
153 silly idealTree +-- boom@2.10.1
153 silly idealTree +-- brace-expansion@1.1.5
153 silly idealTree +-- braces@1.8.5
153 silly idealTree +-- buffer-shims@1.0.0
153 silly idealTree +-- buffer-writer@1.0.1
153 silly idealTree +-- builtin-modules@1.1.1
153 silly idealTree +-- camelcase-keys@2.1.0
153 silly idealTree +-- camelcase@2.1.1
153 silly idealTree +-- caseless@0.11.0
153 silly idealTree +-- chalk@1.1.3
153 silly idealTree +-- chokidar@1.6.0
153 silly idealTree +-- combined-stream@1.0.5
153 silly idealTree +-- commander@2.9.0
153 silly idealTree +-- concat-map@0.0.1
153 silly idealTree +-- convert-source-map@1.3.0
153 silly idealTree +-- core-js@2.4.1
153 silly idealTree +-- core-util-is@1.0.2
153 silly idealTree +-- cryptiles@2.0.5
153 silly idealTree +-- currently-unhandled@0.4.1
153 silly idealTree +-- dashdash@1.14.0
153 silly idealTree | `-- assert-plus@1.0.0
153 silly idealTree +-- debug@2.2.0
153 silly idealTree +-- decamelize@1.2.0
153 silly idealTree +-- delayed-stream@1.0.0
153 silly idealTree +-- detect-indent@3.0.1
153 silly idealTree +-- double-ended-queue@2.1.0-0
153 silly idealTree +-- ecc-jsbn@0.1.1
153 silly idealTree +-- error-ex@1.3.0
153 silly idealTree +-- escape-string-regexp@1.0.5
153 silly idealTree +-- esutils@2.0.2
153 silly idealTree +-- expand-brackets@0.1.5
153 silly idealTree +-- expand-range@1.8.2
153 silly idealTree +-- extend@3.0.0
153 silly idealTree +-- extglob@0.3.2
153 silly idealTree +-- extsprintf@1.0.2
153 silly idealTree +-- filename-regex@2.0.0
153 silly idealTree +-- fill-range@2.2.3
153 silly idealTree +-- find-up@1.1.2
153 silly idealTree | `-- path-exists@2.1.0
153 silly idealTree +-- find-versions@1.2.1
153 silly idealTree +-- findup-sync@0.3.0
153 silly idealTree +-- flagged-respawn@0.3.2
153 silly idealTree +-- for-in@0.1.5
153 silly idealTree +-- for-own@0.1.4
153 silly idealTree +-- forever-agent@0.6.1
153 silly idealTree +-- form-data@1.0.0-rc4
153 silly idealTree +-- fs-readdir-recursive@0.1.2
153 silly idealTree +-- generate-function@2.0.0
153 silly idealTree +-- generate-object-property@1.2.0
153 silly idealTree +-- generic-pool@2.4.2
153 silly idealTree +-- get-stdin@4.0.1
153 silly idealTree +-- getpass@0.1.6
153 silly idealTree | `-- assert-plus@1.0.0
153 silly idealTree +-- glob-base@0.3.0
153 silly idealTree +-- glob-parent@2.0.0
153 silly idealTree +-- glob@5.0.15
153 silly idealTree +-- globals@8.18.0
153 silly idealTree +-- graceful-fs@4.1.4
153 silly idealTree +-- graceful-readlink@1.0.1
153 silly idealTree +-- har-validator@2.0.6
153 silly idealTree +-- has-ansi@2.0.0
153 silly idealTree +-- hashmap@2.0.6
153 silly idealTree +-- hawk@3.1.3
153 silly idealTree +-- hoek@2.16.3
153 silly idealTree +-- home-or-tmp@1.0.0
153 silly idealTree +-- hosted-git-info@2.1.5
153 silly idealTree +-- http-signature@1.1.1
153 silly idealTree +-- indent-string@2.1.0
153 silly idealTree | `-- repeating@2.0.1
153 silly idealTree +-- inflight@1.0.5
153 silly idealTree +-- inherits@2.0.1
153 silly idealTree +-- interpret@0.6.6
153 silly idealTree +-- invariant@2.2.1
153 silly idealTree +-- is-arrayish@0.2.1
153 silly idealTree +-- is-binary-path@1.0.1
153 silly idealTree +-- is-buffer@1.1.3
153 silly idealTree +-- is-builtin-module@1.0.0
153 silly idealTree +-- is-dotfile@1.0.2
153 silly idealTree +-- is-equal-shallow@0.1.3
153 silly idealTree +-- is-extendable@0.1.1
153 silly idealTree +-- is-extglob@1.0.0
153 silly idealTree +-- is-finite@1.0.1
153 silly idealTree +-- is-glob@2.0.1
153 silly idealTree +-- is-my-json-valid@2.13.1
153 silly idealTree +-- is-number@2.1.0
153 silly idealTree +-- is-posix-bracket@0.1.1
153 silly idealTree +-- is-primitive@2.0.0
153 silly idealTree +-- is-property@1.0.2
153 silly idealTree +-- is-typedarray@1.0.0
153 silly idealTree +-- is-utf8@0.2.1
153 silly idealTree +-- isarray@0.0.1
153 silly idealTree +-- isobject@2.1.0
153 silly idealTree | `-- isarray@1.0.0
153 silly idealTree +-- isstream@0.1.2
153 silly idealTree +-- jodid25519@1.0.2
153 silly idealTree +-- js-tokens@2.0.0
153 silly idealTree +-- jsbn@0.1.0
153 silly idealTree +-- jsesc@0.5.0
153 silly idealTree +-- json-schema@0.2.2
153 silly idealTree +-- json-stringify-safe@5.0.1
153 silly idealTree +-- json5@0.4.0
153 silly idealTree +-- jsonpointer@2.0.0
153 silly idealTree +-- jsprim@1.3.0
153 silly idealTree +-- kind-of@3.0.3
153 silly idealTree +-- knex@0.11.7
153 silly idealTree +-- libpq@1.8.4
153 silly idealTree +-- liftoff@2.2.4
153 silly idealTree +-- load-json-file@1.1.0
153 silly idealTree +-- lodash@4.13.1
153 silly idealTree +-- log-symbols@1.0.2
153 silly idealTree +-- loose-envify@1.2.0
153 silly idealTree | `-- js-tokens@1.0.3
153 silly idealTree +-- loud-rejection@1.6.0
153 silly idealTree +-- manakin@0.4.6
153 silly idealTree +-- map-obj@1.0.1
153 silly idealTree +-- meow@3.7.0
153 silly idealTree +-- meteor-node-stubs@0.2.3
153 silly idealTree | +-- assert@1.3.0
153 silly idealTree | +-- browserify-zlib@0.1.4
153 silly idealTree | | `-- pako@0.2.8
153 silly idealTree | +-- buffer@4.5.1
153 silly idealTree | | +-- base64-js@1.1.2
153 silly idealTree | | +-- ieee754@1.1.6
153 silly idealTree | | `-- isarray@1.0.0
153 silly idealTree | +-- console-browserify@1.1.0
153 silly idealTree | | `-- date-now@0.1.4
153 silly idealTree | +-- constants-browserify@1.0.0
153 silly idealTree | +-- crypto-browserify@3.11.0
153 silly idealTree | | +-- browserify-cipher@1.0.0
153 silly idealTree | | | +-- browserify-aes@1.0.6
153 silly idealTree | | | | +-- buffer-xor@1.0.3
153 silly idealTree | | | | `-- cipher-base@1.0.2
153 silly idealTree | | | +-- browserify-des@1.0.0
153 silly idealTree | | | | +-- cipher-base@1.0.2
153 silly idealTree | | | | `-- des.js@1.0.0
153 silly idealTree | | | |   `-- minimalistic-assert@1.0.0
153 silly idealTree | | | `-- evp_bytestokey@1.0.0
153 silly idealTree | | +-- browserify-sign@4.0.0
153 silly idealTree | | | +-- bn.js@4.11.1
153 silly idealTree | | | +-- browserify-rsa@4.0.1
153 silly idealTree | | | +-- elliptic@6.2.3
153 silly idealTree | | | | +-- brorand@1.0.5
153 silly idealTree | | | | `-- hash.js@1.0.3
153 silly idealTree | | | `-- parse-asn1@5.0.0
153 silly idealTree | | |   +-- asn1.js@4.5.2
153 silly idealTree | | |   | `-- minimalistic-assert@1.0.0
153 silly idealTree | | |   +-- browserify-aes@1.0.6
153 silly idealTree | | |   | +-- buffer-xor@1.0.3
153 silly idealTree | | |   | `-- cipher-base@1.0.2
153 silly idealTree | | |   `-- evp_bytestokey@1.0.0
153 silly idealTree | | +-- create-ecdh@4.0.0
153 silly idealTree | | | +-- bn.js@4.11.1
153 silly idealTree | | | `-- elliptic@6.2.3
153 silly idealTree | | |   +-- brorand@1.0.5
153 silly idealTree | | |   `-- hash.js@1.0.3
153 silly idealTree | | +-- create-hash@1.1.2
153 silly idealTree | | | +-- cipher-base@1.0.2
153 silly idealTree | | | +-- ripemd160@1.0.1
153 silly idealTree | | | `-- sha.js@2.4.5
153 silly idealTree | | +-- create-hmac@1.1.4
153 silly idealTree | | +-- diffie-hellman@5.0.2
153 silly idealTree | | | +-- bn.js@4.11.1
153 silly idealTree | | | `-- miller-rabin@4.0.0
153 silly idealTree | | |   `-- brorand@1.0.5
153 silly idealTree | | +-- inherits@2.0.1
153 silly idealTree | | +-- pbkdf2@3.0.4
153 silly idealTree | | +-- public-encrypt@4.0.0
153 silly idealTree | | | +-- bn.js@4.11.1
153 silly idealTree | | | +-- browserify-rsa@4.0.1
153 silly idealTree | | | `-- parse-asn1@5.0.0
153 silly idealTree | | |   +-- asn1.js@4.5.2
153 silly idealTree | | |   | `-- minimalistic-assert@1.0.0
153 silly idealTree | | |   +-- browserify-aes@1.0.6
153 silly idealTree | | |   | +-- buffer-xor@1.0.3
153 silly idealTree | | |   | `-- cipher-base@1.0.2
153 silly idealTree | | |   `-- evp_bytestokey@1.0.0
153 silly idealTree | | `-- randombytes@2.0.3
153 silly idealTree | +-- domain-browser@1.1.7
153 silly idealTree | +-- events@1.1.0
153 silly idealTree | +-- http-browserify@1.7.0
153 silly idealTree | | +-- Base64@0.2.1
153 silly idealTree | | `-- inherits@2.0.1
153 silly idealTree | +-- https-browserify@0.0.1
153 silly idealTree | +-- os-browserify@0.2.1
153 silly idealTree | +-- path-browserify@0.0.0
153 silly idealTree | +-- process@0.11.2
153 silly idealTree | +-- punycode@1.4.1
153 silly idealTree | +-- querystring-es3@0.2.1
153 silly idealTree | +-- readable-stream@2.0.6
153 silly idealTree | | +-- core-util-is@1.0.2
153 silly idealTree | | +-- inherits@2.0.1
153 silly idealTree | | +-- isarray@1.0.0
153 silly idealTree | | +-- process-nextick-args@1.0.6
153 silly idealTree | | `-- util-deprecate@1.0.2
153 silly idealTree | +-- stream-browserify@2.0.1
153 silly idealTree | | `-- inherits@2.0.1
153 silly idealTree | +-- string_decoder@0.10.31
153 silly idealTree | +-- timers-browserify@1.4.2
153 silly idealTree | +-- tty-browserify@0.0.0
153 silly idealTree | +-- url@0.11.0
153 silly idealTree | | +-- punycode@1.3.2
153 silly idealTree | | `-- querystring@0.2.0
153 silly idealTree | +-- util@0.10.3
153 silly idealTree | | `-- inherits@2.0.1
153 silly idealTree | `-- vm-browserify@0.0.4
153 silly idealTree |   `-- indexof@0.0.1
153 silly idealTree +-- micromatch@2.3.11
153 silly idealTree +-- mime-db@1.23.0
153 silly idealTree +-- mime-types@2.1.11
153 silly idealTree +-- minimatch@3.0.2
153 silly idealTree +-- minimist@1.1.3
153 silly idealTree +-- mkdirp@0.5.1
153 silly idealTree | `-- minimist@0.0.8
153 silly idealTree +-- ms@0.7.1
153 silly idealTree +-- murmurhash-js@1.0.0
153 silly idealTree +-- nan@2.4.0
153 silly idealTree +-- node-uuid@1.4.7
153 silly idealTree +-- normalize-package-data@2.3.5
153 silly idealTree +-- normalize-path@2.0.1
153 silly idealTree +-- number-is-nan@1.0.0
153 silly idealTree +-- oauth-sign@0.8.2
153 silly idealTree +-- object-assign@4.1.0
153 silly idealTree +-- object.omit@2.0.0
153 silly idealTree +-- once@1.3.3
153 silly idealTree +-- os-tmpdir@1.0.1
153 silly idealTree +-- output-file-sync@1.1.2
153 silly idealTree +-- packet-reader@0.2.0
153 silly idealTree +-- parse-glob@3.0.4
153 silly idealTree +-- parse-json@2.2.0
153 silly idealTree +-- path-exists@1.0.0
153 silly idealTree +-- path-is-absolute@1.0.0
153 silly idealTree +-- path-type@1.1.0
153 silly idealTree +-- pg-connection-string@0.1.3
153 silly idealTree +-- pg-live-select@2.0.0-beta
153 silly idealTree | +-- lodash@3.10.1
153 silly idealTree | +-- pg@4.5.6
153 silly idealTree | +-- pgpass@0.0.3
153 silly idealTree | `-- split@0.3.3
153 silly idealTree +-- pg-minify@0.3.3
153 silly idealTree +-- pg-pool@1.3.1
153 silly idealTree +-- pg-promise@5.2.6
153 silly idealTree | `-- pg@5.1.0
153 silly idealTree +-- pg-types@1.11.0
153 silly idealTree +-- pg@6.0.2
153 silly idealTree +-- pgpass@0.0.6
153 silly idealTree +-- pify@2.3.0
153 silly idealTree +-- pinkie-promise@2.0.1
153 silly idealTree +-- pinkie@2.0.4
153 silly idealTree +-- pool2@1.3.4
153 silly idealTree +-- postgres-array@1.0.0
153 silly idealTree +-- postgres-bytea@1.0.0
153 silly idealTree +-- postgres-date@1.0.3
153 silly idealTree +-- postgres-interval@1.0.2
153 silly idealTree +-- preserve@0.2.0
153 silly idealTree +-- private@0.1.6
153 silly idealTree +-- process-nextick-args@1.0.7
153 silly idealTree +-- qs@6.2.1
153 silly idealTree +-- randomatic@1.1.5
153 silly idealTree +-- read-pkg-up@1.0.1
153 silly idealTree +-- read-pkg@1.1.0
153 silly idealTree +-- readable-stream@1.1.14
153 silly idealTree +-- readdirp@2.1.0
153 silly idealTree | +-- isarray@1.0.0
153 silly idealTree | `-- readable-stream@2.1.4
153 silly idealTree +-- rechoir@0.6.2
153 silly idealTree +-- redent@1.0.0
153 silly idealTree +-- regenerate@1.3.1
153 silly idealTree +-- regenerator-runtime@0.9.5
153 silly idealTree +-- regex-cache@0.4.3
153 silly idealTree +-- regexpu-core@2.0.0
153 silly idealTree +-- regjsgen@0.2.0
153 silly idealTree +-- regjsparser@0.1.5
153 silly idealTree +-- repeat-element@1.1.2
153 silly idealTree +-- repeat-string@1.5.4
153 silly idealTree +-- repeating@1.1.3
153 silly idealTree +-- request@2.74.0
153 silly idealTree +-- resolve@1.1.7
153 silly idealTree +-- semver-regex@1.0.0
153 silly idealTree +-- semver-truncate@1.1.0
153 silly idealTree | `-- semver@5.3.0
153 silly idealTree +-- semver@4.3.2
153 silly idealTree +-- set-immediate-shim@1.0.1
153 silly idealTree +-- shebang-regex@1.0.0
153 silly idealTree +-- signal-exit@3.0.0
153 silly idealTree +-- simple-backoff@1.0.0
153 silly idealTree +-- slash@1.0.0
153 silly idealTree +-- sntp@1.0.9
153 silly idealTree +-- source-map-support@0.2.10
153 silly idealTree | `-- source-map@0.1.32
153 silly idealTree +-- source-map@0.5.6
153 silly idealTree +-- spdx-correct@1.0.2
153 silly idealTree +-- spdx-exceptions@1.0.5
153 silly idealTree +-- spdx-expression-parse@1.0.2
153 silly idealTree +-- spdx-license-ids@1.2.2
153 silly idealTree +-- spex@1.0.17
153 silly idealTree +-- split@1.0.0
153 silly idealTree +-- sshpk@1.8.3
153 silly idealTree | `-- assert-plus@1.0.0
153 silly idealTree +-- string_decoder@0.10.31
153 silly idealTree +-- stringstream@0.0.5
153 silly idealTree +-- strip-ansi@3.0.1
153 silly idealTree +-- strip-bom@2.0.0
153 silly idealTree +-- strip-indent@1.0.1
153 silly idealTree +-- supports-color@2.0.0
153 silly idealTree +-- through@2.3.8
153 silly idealTree +-- tildify@1.0.0
153 silly idealTree +-- to-fast-properties@1.0.2
153 silly idealTree +-- tough-cookie@2.3.1
153 silly idealTree +-- trim-newlines@1.0.0
153 silly idealTree +-- tunnel-agent@0.4.3
153 silly idealTree +-- tweetnacl@0.13.3
153 silly idealTree +-- user-home@1.1.1
153 silly idealTree +-- util-deprecate@1.0.2
153 silly idealTree +-- v8flags@2.0.11
153 silly idealTree +-- validate-npm-package-license@3.0.1
153 silly idealTree +-- verror@1.3.6
153 silly idealTree +-- wrappy@1.0.2
153 silly idealTree `-- xtend@4.0.1
154 silly generateActionsToTake Starting
155 silly install generateActionsToTake
156 silly generateActionsToTake Finishing
157 silly diffTrees action count 3
158 silly diffTrees add bindings@1.2.1
159 silly diffTrees add nan@2.4.0
160 silly diffTrees add libpq@1.8.4
161 silly decomposeActions action count 24
162 silly decomposeActions fetch bindings@1.2.1
163 silly decomposeActions extract bindings@1.2.1
164 silly decomposeActions test bindings@1.2.1
165 silly decomposeActions preinstall bindings@1.2.1
166 silly decomposeActions build bindings@1.2.1
167 silly decomposeActions install bindings@1.2.1
168 silly decomposeActions postinstall bindings@1.2.1
169 silly decomposeActions finalize bindings@1.2.1
170 silly decomposeActions fetch nan@2.4.0
171 silly decomposeActions extract nan@2.4.0
172 silly decomposeActions test nan@2.4.0
173 silly decomposeActions preinstall nan@2.4.0
174 silly decomposeActions build nan@2.4.0
175 silly decomposeActions install nan@2.4.0
176 silly decomposeActions postinstall nan@2.4.0
177 silly decomposeActions finalize nan@2.4.0
178 silly decomposeActions fetch libpq@1.8.4
179 silly decomposeActions extract libpq@1.8.4
180 silly decomposeActions test libpq@1.8.4
181 silly decomposeActions preinstall libpq@1.8.4
182 silly decomposeActions build libpq@1.8.4
183 silly decomposeActions install libpq@1.8.4
184 silly decomposeActions postinstall libpq@1.8.4
185 silly decomposeActions finalize libpq@1.8.4
186 silly executeActions Starting
187 silly install executeActions
188 silly doSerial global-install 0
189 silly doParallel fetch 3
190 verbose correctMkdir C:\Users\Than\AppData\Roaming\npm-cache\_locks correctMkdir not in flight; initializing
191 verbose lock using C:\Users\Than\AppData\Roaming\npm-cache\_locks\staging-0ffddf64eeafdb00.lock for c:\Projects\projectGII\client\node_modules\.staging
192 silly doParallel extract 3
193 silly extract bindings@1.2.1
194 silly extract nan@2.4.0
195 silly extract libpq@1.8.4
196 verbose unbuild node_modules\.staging\bindings-45698545
197 verbose unbuild node_modules\.staging\nan-aaf7e517
198 verbose unbuild node_modules\.staging\libpq-3a60419c
199 silly gentlyRm c:\Projects\projectGII\client\node_modules\.staging\bindings-45698545 is being purged from base c:\Projects\projectGII\client
200 verbose gentlyRm don't care about contents; nuking c:\Projects\projectGII\client\node_modules\.staging\bindings-45698545
201 silly gentlyRm c:\Projects\projectGII\client\node_modules\.staging\nan-aaf7e517 is being purged from base c:\Projects\projectGII\client
202 verbose gentlyRm don't care about contents; nuking c:\Projects\projectGII\client\node_modules\.staging\nan-aaf7e517
203 verbose tar unpack C:\Users\Than\AppData\Roaming\npm-cache\bindings\1.2.1\package.tgz
204 verbose tar unpacking to c:\Projects\projectGII\client\node_modules\.staging\bindings-45698545
205 silly gentlyRm c:\Projects\projectGII\client\node_modules\.staging\bindings-45698545 is being purged
206 verbose gentlyRm don't care about contents; nuking c:\Projects\projectGII\client\node_modules\.staging\bindings-45698545
207 silly gentlyRm c:\Projects\projectGII\client\node_modules\.staging\libpq-3a60419c is being purged from base c:\Projects\projectGII\client
208 verbose gentlyRm don't care about contents; nuking c:\Projects\projectGII\client\node_modules\.staging\libpq-3a60419c
209 verbose tar unpack C:\Users\Than\AppData\Roaming\npm-cache\nan\2.4.0\package.tgz
210 verbose tar unpacking to c:\Projects\projectGII\client\node_modules\.staging\nan-aaf7e517
211 silly gentlyRm c:\Projects\projectGII\client\node_modules\.staging\nan-aaf7e517 is being purged
212 verbose gentlyRm don't care about contents; nuking c:\Projects\projectGII\client\node_modules\.staging\nan-aaf7e517
213 silly gunzTarPerm modes [ '777', '666' ]
214 verbose tar unpack C:\Users\Than\AppData\Roaming\npm-cache\libpq\1.8.4\package.tgz
215 verbose tar unpacking to c:\Projects\projectGII\client\node_modules\.staging\libpq-3a60419c
216 silly gentlyRm c:\Projects\projectGII\client\node_modules\.staging\libpq-3a60419c is being purged
217 verbose gentlyRm don't care about contents; nuking c:\Projects\projectGII\client\node_modules\.staging\libpq-3a60419c
218 silly gunzTarPerm modes [ '777', '666' ]
219 silly gunzTarPerm modes [ '777', '666' ]
220 silly gunzTarPerm extractEntry package.json
221 silly gunzTarPerm modified mode [ 'package.json', 420, 438 ]
222 silly gunzTarPerm extractEntry package.json
223 silly gunzTarPerm modified mode [ 'package.json', 436, 438 ]
224 silly gunzTarPerm extractEntry package.json
225 silly gunzTarPerm modified mode [ 'package.json', 420, 438 ]
226 silly gunzTarPerm extractEntry README.md
227 silly gunzTarPerm modified mode [ 'README.md', 420, 438 ]
228 silly gunzTarPerm extractEntry bindings.js
229 silly gunzTarPerm modified mode [ 'bindings.js', 420, 438 ]
230 silly gunzTarPerm extractEntry README.md
231 silly gunzTarPerm modified mode [ 'README.md', 436, 438 ]
232 silly gunzTarPerm extractEntry .npmignore
233 silly gunzTarPerm modified mode [ '.npmignore', 420, 438 ]
234 silly gunzTarPerm extractEntry README.md
235 silly gunzTarPerm modified mode [ 'README.md', 420, 438 ]
236 silly gunzTarPerm extractEntry include_dirs.js
237 silly gunzTarPerm modified mode [ 'include_dirs.js', 436, 438 ]
238 silly gunzTarPerm extractEntry index.js
239 silly gunzTarPerm modified mode [ 'index.js', 420, 438 ]
240 silly gunzTarPerm extractEntry nan_callbacks_pre_12_inl.h
241 silly gunzTarPerm modified mode [ 'nan_callbacks_pre_12_inl.h', 436, 438 ]
242 silly gunzTarPerm extractEntry CHANGELOG.md
243 silly gunzTarPerm modified mode [ 'CHANGELOG.md', 436, 438 ]
244 silly gunzTarPerm extractEntry LICENSE.md
245 silly gunzTarPerm modified mode [ 'LICENSE.md', 436, 438 ]
246 silly gunzTarPerm extractEntry doc/node_misc.md
247 silly gunzTarPerm modified mode [ 'doc/node_misc.md', 436, 438 ]
248 silly gunzTarPerm extractEntry binding.gyp
249 silly gunzTarPerm modified mode [ 'binding.gyp', 420, 438 ]
250 silly gunzTarPerm extractEntry .travis.yml
251 silly gunzTarPerm modified mode [ '.travis.yml', 420, 438 ]
252 silly gunzTarPerm extractEntry Makefile
253 silly gunzTarPerm modified mode [ 'Makefile', 420, 438 ]
254 silly gunzTarPerm extractEntry doc/asyncworker.md
255 silly gunzTarPerm modified mode [ 'doc/asyncworker.md', 436, 438 ]
256 silly gunzTarPerm extractEntry doc/callback.md
257 silly gunzTarPerm modified mode [ 'doc/callback.md', 436, 438 ]
258 silly gunzTarPerm extractEntry src/addon.cc
259 silly gunzTarPerm modified mode [ 'src/addon.cc', 420, 438 ]
260 silly gunzTarPerm extractEntry doc/converters.md
261 silly gunzTarPerm modified mode [ 'doc/converters.md', 436, 438 ]
262 silly gunzTarPerm extractEntry doc/errors.md
263 silly gunzTarPerm modified mode [ 'doc/errors.md', 436, 438 ]
264 silly gunzTarPerm extractEntry src/addon.h
265 silly gunzTarPerm modified mode [ 'src/addon.h', 420, 438 ]
266 silly gunzTarPerm extractEntry src/connect-async-worker.cc
267 silly gunzTarPerm modified mode [ 'src/connect-async-worker.cc', 420, 438 ]
268 silly gunzTarPerm extractEntry doc/maybe_types.md
269 silly gunzTarPerm modified mode [ 'doc/maybe_types.md', 436, 438 ]
270 silly gunzTarPerm extractEntry doc/methods.md
271 silly gunzTarPerm modified mode [ 'doc/methods.md', 436, 438 ]
272 silly gunzTarPerm extractEntry src/connect-async-worker.h
273 silly gunzTarPerm modified mode [ 'src/connect-async-worker.h', 420, 438 ]
274 silly gunzTarPerm extractEntry src/connection.cc
275 silly gunzTarPerm modified mode [ 'src/connection.cc', 420, 438 ]
276 silly gentlyRm c:\Projects\projectGII\client\node_modules\.staging\bindings-45698545\node_modules is being purged
277 verbose gentlyRm don't care about contents; nuking c:\Projects\projectGII\client\node_modules\.staging\bindings-45698545\node_modules
278 silly gunzTarPerm extractEntry src/connection.h
279 silly gunzTarPerm modified mode [ 'src/connection.h', 420, 438 ]
280 silly gunzTarPerm extractEntry test/async-connection.js
281 silly gunzTarPerm modified mode [ 'test/async-connection.js', 420, 438 ]
282 silly gunzTarPerm extractEntry doc/new.md
283 silly gunzTarPerm modified mode [ 'doc/new.md', 436, 438 ]
284 silly gunzTarPerm extractEntry doc/buffers.md
285 silly gunzTarPerm modified mode [ 'doc/buffers.md', 436, 438 ]
286 silly gunzTarPerm extractEntry test/escaping.js
287 silly gunzTarPerm modified mode [ 'test/escaping.js', 420, 438 ]
288 silly gunzTarPerm extractEntry test/helper.js
289 silly gunzTarPerm modified mode [ 'test/helper.js', 420, 438 ]
290 silly gunzTarPerm extractEntry doc/object_wrappers.md
291 silly gunzTarPerm modified mode [ 'doc/object_wrappers.md', 436, 438 ]
292 silly gunzTarPerm extractEntry doc/persistent.md
293 silly gunzTarPerm modified mode [ 'doc/persistent.md', 436, 438 ]
294 silly gunzTarPerm extractEntry test/index.js
295 silly gunzTarPerm modified mode [ 'test/index.js', 420, 438 ]
296 silly gunzTarPerm extractEntry test/error-info.js
297 silly gunzTarPerm modified mode [ 'test/error-info.js', 420, 438 ]
298 silly gunzTarPerm extractEntry doc/scopes.md
299 silly gunzTarPerm modified mode [ 'doc/scopes.md', 436, 438 ]
300 silly gunzTarPerm extractEntry doc/script.md
301 silly gunzTarPerm modified mode [ 'doc/script.md', 436, 438 ]
302 silly gunzTarPerm extractEntry test/async-socket.js
303 silly gunzTarPerm modified mode [ 'test/async-socket.js', 420, 438 ]
304 silly gunzTarPerm extractEntry test/sync-prepare.js
305 silly gunzTarPerm modified mode [ 'test/sync-prepare.js', 420, 438 ]
306 silly gunzTarPerm extractEntry doc/string_bytes.md
307 silly gunzTarPerm modified mode [ 'doc/string_bytes.md', 436, 438 ]
308 silly gunzTarPerm extractEntry doc/v8_internals.md
309 silly gunzTarPerm modified mode [ 'doc/v8_internals.md', 436, 438 ]
310 silly gunzTarPerm extractEntry test/multiple-queries.js
311 silly gunzTarPerm modified mode [ 'test/multiple-queries.js', 420, 438 ]
312 silly gunzTarPerm extractEntry test/non-blocking-controls.js
313 silly gunzTarPerm modified mode [ 'test/non-blocking-controls.js', 420, 438 ]
314 silly gunzTarPerm extractEntry doc/v8_misc.md
315 silly gunzTarPerm modified mode [ 'doc/v8_misc.md', 436, 438 ]
316 silly gunzTarPerm extractEntry nan.h
317 silly gunzTarPerm modified mode [ 'nan.h', 436, 438 ]
318 silly gunzTarPerm extractEntry nan_callbacks.h
319 silly gunzTarPerm modified mode [ 'nan_callbacks.h', 436, 438 ]
320 silly gunzTarPerm extractEntry test/notification.js
321 silly gunzTarPerm modified mode [ 'test/notification.js', 420, 438 ]
322 silly gunzTarPerm extractEntry test/error-conditions.js
323 silly gunzTarPerm modified mode [ 'test/error-conditions.js', 420, 438 ]
324 silly gunzTarPerm extractEntry test/result-accessors.js
325 silly gunzTarPerm modified mode [ 'test/result-accessors.js', 420, 438 ]
326 silly gunzTarPerm extractEntry test/copy-out.js
327 silly gunzTarPerm modified mode [ 'test/copy-out.js', 420, 438 ]
328 silly gunzTarPerm extractEntry test/server-version.js
329 silly gunzTarPerm modified mode [ 'test/server-version.js', 420, 438 ]
330 silly gunzTarPerm extractEntry nan_callbacks_12_inl.h
331 silly gunzTarPerm modified mode [ 'nan_callbacks_12_inl.h', 436, 438 ]
332 silly gunzTarPerm extractEntry nan_converters.h
333 silly gunzTarPerm modified mode [ 'nan_converters.h', 436, 438 ]
334 silly gunzTarPerm extractEntry nan_converters_43_inl.h
335 silly gunzTarPerm modified mode [ 'nan_converters_43_inl.h', 436, 438 ]
336 silly gunzTarPerm extractEntry test/copy-in.js
337 silly gunzTarPerm modified mode [ 'test/copy-in.js', 420, 438 ]
338 silly gunzTarPerm extractEntry nan_converters_pre_43_inl.h
339 silly gunzTarPerm modified mode [ 'nan_converters_pre_43_inl.h', 436, 438 ]
340 silly gunzTarPerm extractEntry test/socket.js
341 silly gunzTarPerm modified mode [ 'test/socket.js', 420, 438 ]
342 silly gunzTarPerm extractEntry test/construction.js
343 silly gunzTarPerm modified mode [ 'test/construction.js', 420, 438 ]
344 silly gunzTarPerm extractEntry nan_implementation_12_inl.h
345 silly gunzTarPerm modified mode [ 'nan_implementation_12_inl.h', 436, 438 ]
346 silly gunzTarPerm extractEntry nan_implementation_pre_12_inl.h
347 silly gunzTarPerm modified mode [ 'nan_implementation_pre_12_inl.h', 436, 438 ]
348 silly gunzTarPerm extractEntry nan_maybe_43_inl.h
349 silly gunzTarPerm modified mode [ 'nan_maybe_43_inl.h', 436, 438 ]
350 silly gunzTarPerm extractEntry nan_maybe_pre_43_inl.h
351 silly gunzTarPerm modified mode [ 'nan_maybe_pre_43_inl.h', 436, 438 ]
352 silly gunzTarPerm extractEntry test/sync-integration.js
353 silly gunzTarPerm modified mode [ 'test/sync-integration.js', 420, 438 ]
354 silly gunzTarPerm extractEntry test/cancel.js
355 silly gunzTarPerm modified mode [ 'test/cancel.js', 420, 438 ]
356 silly gunzTarPerm extractEntry nan_new.h
357 silly gunzTarPerm modified mode [ 'nan_new.h', 436, 438 ]
358 silly gunzTarPerm extractEntry nan_object_wrap.h
359 silly gunzTarPerm modified mode [ 'nan_object_wrap.h', 436, 438 ]
360 silly gunzTarPerm extractEntry nan_persistent_12_inl.h
361 silly gunzTarPerm modified mode [ 'nan_persistent_12_inl.h', 436, 438 ]
362 silly gunzTarPerm extractEntry nan_persistent_pre_12_inl.h
363 silly gunzTarPerm modified mode [ 'nan_persistent_pre_12_inl.h', 436, 438 ]
364 silly gunzTarPerm extractEntry test/sync-parameters.js
365 silly gunzTarPerm modified mode [ 'test/sync-parameters.js', 420, 438 ]
366 silly gunzTarPerm extractEntry test/load.js
367 silly gunzTarPerm modified mode [ 'test/load.js', 420, 438 ]
368 silly gunzTarPerm extractEntry nan_string_bytes.h
369 silly gunzTarPerm modified mode [ 'nan_string_bytes.h', 436, 438 ]
370 silly gunzTarPerm extractEntry nan_typedarray_contents.h
371 silly gunzTarPerm modified mode [ 'nan_typedarray_contents.h', 436, 438 ]
372 silly gunzTarPerm extractEntry test/sync.js
373 silly gunzTarPerm modified mode [ 'test/sync.js', 420, 438 ]
374 silly gunzTarPerm extractEntry test/many-connections.js
375 silly gunzTarPerm modified mode [ 'test/many-connections.js', 420, 438 ]
376 silly gunzTarPerm extractEntry test/mocha.opts
377 silly gunzTarPerm modified mode [ 'test/mocha.opts', 420, 438 ]
378 silly gunzTarPerm extractEntry nan_weak.h
379 silly gunzTarPerm modified mode [ 'nan_weak.h', 436, 438 ]
380 silly gunzTarPerm extractEntry tools/package.json
381 silly gunzTarPerm modified mode [ 'tools/package.json', 436, 438 ]
382 silly gunzTarPerm extractEntry tools/README.md
383 silly gunzTarPerm modified mode [ 'tools/README.md', 436, 438 ]
384 silly gunzTarPerm extractEntry tools/1to2.js
385 silly gunzTarPerm modified mode [ 'tools/1to2.js', 509, 511 ]
386 silly gentlyRm c:\Projects\projectGII\client\node_modules\.staging\libpq-3a60419c\node_modules is being purged
387 verbose gentlyRm don't care about contents; nuking c:\Projects\projectGII\client\node_modules\.staging\libpq-3a60419c\node_modules
388 silly gentlyRm c:\Projects\projectGII\client\node_modules\.staging\nan-aaf7e517\node_modules is being purged
389 verbose gentlyRm don't care about contents; nuking c:\Projects\projectGII\client\node_modules\.staging\nan-aaf7e517\node_modules
390 silly doParallel preinstall 3
391 silly preinstall bindings@1.2.1 c:\Projects\projectGII\client\node_modules\.staging\bindings-45698545
392 info lifecycle bindings@1.2.1~preinstall: bindings@1.2.1
393 silly preinstall nan@2.4.0 c:\Projects\projectGII\client\node_modules\.staging\nan-aaf7e517
394 info lifecycle nan@2.4.0~preinstall: nan@2.4.0
395 silly preinstall libpq@1.8.4 c:\Projects\projectGII\client\node_modules\.staging\libpq-3a60419c
396 info lifecycle libpq@1.8.4~preinstall: libpq@1.8.4
397 silly lifecycle bindings@1.2.1~preinstall: no script for preinstall, continuing
398 silly lifecycle nan@2.4.0~preinstall: no script for preinstall, continuing
399 silly lifecycle libpq@1.8.4~preinstall: no script for preinstall, continuing
400 silly doReverseSerial remove 0
401 silly doSerial move 0
402 silly doSerial finalize 3
403 silly finalize c:\Projects\projectGII\client\node_modules\bindings
404 silly finalize c:\Projects\projectGII\client\node_modules\nan
405 silly finalize c:\Projects\projectGII\client\node_modules\libpq
406 silly doSerial build 3
407 silly build bindings@1.2.1
408 info linkStuff bindings@1.2.1
409 silly linkStuff bindings@1.2.1 has c:\Projects\projectGII\client\node_modules as its parent node_modules
410 verbose linkBins bindings@1.2.1
411 verbose linkMans bindings@1.2.1
412 silly build nan@2.4.0
413 info linkStuff nan@2.4.0
414 silly linkStuff nan@2.4.0 has c:\Projects\projectGII\client\node_modules as its parent node_modules
415 verbose linkBins nan@2.4.0
416 verbose linkMans nan@2.4.0
417 silly build libpq@1.8.4
418 info linkStuff libpq@1.8.4
419 silly linkStuff libpq@1.8.4 has c:\Projects\projectGII\client\node_modules as its parent node_modules
420 verbose linkBins libpq@1.8.4
421 verbose linkMans libpq@1.8.4
422 silly doSerial global-link 0
423 silly doParallel update-linked 0
424 silly doSerial install 3
425 silly install bindings@1.2.1 c:\Projects\projectGII\client\node_modules\.staging\bindings-45698545
426 info lifecycle bindings@1.2.1~install: bindings@1.2.1
427 silly lifecycle bindings@1.2.1~install: no script for install, continuing
428 silly install nan@2.4.0 c:\Projects\projectGII\client\node_modules\.staging\nan-aaf7e517
429 info lifecycle nan@2.4.0~install: nan@2.4.0
430 silly lifecycle nan@2.4.0~install: no script for install, continuing
431 silly install libpq@1.8.4 c:\Projects\projectGII\client\node_modules\.staging\libpq-3a60419c
432 info lifecycle libpq@1.8.4~install: libpq@1.8.4
433 verbose lifecycle libpq@1.8.4~install: unsafe-perm in lifecycle true
434 verbose lifecycle libpq@1.8.4~install: PATH: C:\Program Files\nodejs\node_modules\npm\bin\node-gyp-bin;c:\Projects\projectGII\client\node_modules\libpq\node_modules\.bin;c:\Projects\projectGII\client\node_modules\.bin;C:\Program Files\nodejs;C:\Program Files\ConEmu\ConEmu\Scripts;C:\Program Files\ConEmu;C:\Program Files\ConEmu\ConEmu;C:\Program Files (x86)\Python35-32\Scripts\;C:\Program Files (x86)\Python35-32\;C:\ProgramData\Oracle\Java\javapath;C:\Windows\system32;C:\Windows;C:\Windows\System32\Wbem;C:\Windows\System32\WindowsPowerShell\v1.0\;C:\Program Files\MongoDB\bin\;C:\Program Files (x86)\Python2;c:\Program Files (x86)\Microsoft SQL Server\100\Tools\Binn\;c:\Program Files\Microsoft SQL Server\100\Tools\Binn\;c:\Program Files\Microsoft SQL Server\100\DTS\Binn\;C:\Program Files\cURL\bin;C:\Program Files (x86)\NVIDIA Corporation\PhysX\Common;C:\Program Files\Java\jre1.8.0_60\bin;C:\Program Files (x86)\Skype\Phone\;C:\Go\bin;C:\Miniconda3;C:\Miniconda3\Scripts;C:\Miniconda3\Library\bin;C:\Program Files\PostgreSQL\9.5\bin;C:\Projects\projectGII\server\bin;C:\Users\Than\AppData\Roaming\nvm;C:\Program Files\nodejs;C:\Program Files\nodejs\;C:\Program Files\Git\cmd;C:\Program Files\Git\bin;C:\Program Files\Git\usr\bin;C:\Program Files (x86)\Windows Kits\8.1\Windows Performance Toolkit\;C:\Users\Than\AppData\Local\atom\bin;C:\Users\Than\AppData\Local\.meteor\;C:\Users\Than\AppData\Roaming\npm
435 verbose lifecycle libpq@1.8.4~install: CWD: c:\Projects\projectGII\client\node_modules\libpq
436 silly lifecycle libpq@1.8.4~install: Args: [ '/d /s /c', 'node-gyp rebuild' ]
437 silly lifecycle libpq@1.8.4~install: Returned: code: 1  signal: null
438 info lifecycle libpq@1.8.4~install: Failed to exec install script
439 verbose unlock done using C:\Users\Than\AppData\Roaming\npm-cache\_locks\staging-0ffddf64eeafdb00.lock for c:\Projects\projectGII\client\node_modules\.staging
440 silly rollbackFailedOptional Starting
441 silly rollbackFailedOptional Finishing
442 silly runTopLevelLifecycles Starting
443 silly runTopLevelLifecycles Finishing
444 silly install printInstalled
445 warn optional Skipping failed optional dependency /chokidar/fsevents:
446 warn notsup Not compatible with your operating system or architecture: fsevents@1.0.14
447 verbose stack Error: libpq@1.8.4 install: `node-gyp rebuild`
447 verbose stack Exit status 1
447 verbose stack     at EventEmitter.<anonymous> (C:\Program Files\nodejs\node_modules\npm\lib\utils\lifecycle.js:242:16)
447 verbose stack     at emitTwo (events.js:106:13)
447 verbose stack     at EventEmitter.emit (events.js:191:7)
447 verbose stack     at ChildProcess.<anonymous> (C:\Program Files\nodejs\node_modules\npm\lib\utils\spawn.js:40:14)
447 verbose stack     at emitTwo (events.js:106:13)
447 verbose stack     at ChildProcess.emit (events.js:191:7)
447 verbose stack     at maybeClose (internal/child_process.js:852:16)
447 verbose stack     at Process.ChildProcess._handle.onexit (internal/child_process.js:215:5)
448 verbose pkgid libpq@1.8.4
449 verbose cwd c:\Projects\projectGII\client
450 error Windows_NT 6.1.7601
451 error argv "C:\\Program Files\\nodejs\\node.exe" "C:\\Program Files\\nodejs\\node_modules\\npm\\bin\\npm-cli.js" "i" "libpq"
452 error node v6.3.0
453 error npm  v3.10.3
454 error code ELIFECYCLE
455 error libpq@1.8.4 install: `node-gyp rebuild`
455 error Exit status 1
456 error Failed at the libpq@1.8.4 install script 'node-gyp rebuild'.
456 error Make sure you have the latest version of node.js and npm installed.
456 error If you do, this is most likely a problem with the libpq package,
456 error not with npm itself.
456 error Tell the author that this fails on your system:
456 error     node-gyp rebuild
456 error You can get information on how to open an issue for this project with:
456 error     npm bugs libpq
456 error Or if that isn't available, you can get their info via:
456 error     npm owner ls libpq
456 error There is likely additional logging output above.
457 verbose exit [ 1, true ]
